{"C:\\Users\\freez\\Desktop\\FTRI\\code\\src\\utils\\hooks.js": {"path":"C:\\Users\\freez\\Desktop\\FTRI\\code\\src\\utils\\hooks.js","statementMap":{"0":{"start":{"line":3,"column":25},"end":{"line":7,"column":1}},"1":{"start":{"line":4,"column":28},"end":{"line":4,"column":50}},"2":{"start":{"line":5,"column":17},"end":{"line":5,"column":42}},"3":{"start":{"line":5,"column":23},"end":{"line":5,"column":42}},"4":{"start":{"line":5,"column":38},"end":{"line":5,"column":41}},"5":{"start":{"line":6,"column":2},"end":{"line":6,"column":34}},"6":{"start":{"line":9,"column":24},"end":{"line":20,"column":1}},"7":{"start":{"line":10,"column":28},"end":{"line":10,"column":42}},"8":{"start":{"line":12,"column":2},"end":{"line":17,"column":13}},"9":{"start":{"line":13,"column":20},"end":{"line":13,"column":44}},"10":{"start":{"line":13,"column":28},"end":{"line":13,"column":42}},"11":{"start":{"line":14,"column":4},"end":{"line":14,"column":42}},"12":{"start":{"line":16,"column":4},"end":{"line":16,"column":37}},"13":{"start":{"line":16,"column":17},"end":{"line":16,"column":37}},"14":{"start":{"line":19,"column":2},"end":{"line":19,"column":26}}},"fnMap":{"0":{"name":"(anonymous_0)","decl":{"start":{"line":3,"column":25},"end":{"line":3,"column":26}},"loc":{"start":{"line":3,"column":51},"end":{"line":7,"column":1}},"line":3},"1":{"name":"(anonymous_1)","decl":{"start":{"line":5,"column":17},"end":{"line":5,"column":18}},"loc":{"start":{"line":5,"column":23},"end":{"line":5,"column":42}},"line":5},"2":{"name":"(anonymous_2)","decl":{"start":{"line":5,"column":32},"end":{"line":5,"column":33}},"loc":{"start":{"line":5,"column":38},"end":{"line":5,"column":41}},"line":5},"3":{"name":"(anonymous_3)","decl":{"start":{"line":9,"column":24},"end":{"line":9,"column":25}},"loc":{"start":{"line":9,"column":45},"end":{"line":20,"column":1}},"line":9},"4":{"name":"(anonymous_4)","decl":{"start":{"line":12,"column":12},"end":{"line":12,"column":13}},"loc":{"start":{"line":12,"column":18},"end":{"line":17,"column":3}},"line":12},"5":{"name":"(anonymous_5)","decl":{"start":{"line":13,"column":20},"end":{"line":13,"column":21}},"loc":{"start":{"line":13,"column":26},"end":{"line":13,"column":44}},"line":13},"6":{"name":"(anonymous_6)","decl":{"start":{"line":16,"column":11},"end":{"line":16,"column":12}},"loc":{"start":{"line":16,"column":17},"end":{"line":16,"column":37}},"line":16}},"branchMap":{"0":{"loc":{"start":{"line":3,"column":26},"end":{"line":3,"column":46}},"type":"default-arg","locations":[{"start":{"line":3,"column":41},"end":{"line":3,"column":46}}],"line":3},"1":{"loc":{"start":{"line":9,"column":25},"end":{"line":9,"column":40}},"type":"default-arg","locations":[{"start":{"line":9,"column":36},"end":{"line":9,"column":40}}],"line":9},"2":{"loc":{"start":{"line":14,"column":4},"end":{"line":14,"column":42}},"type":"binary-expr","locations":[{"start":{"line":14,"column":4},"end":{"line":14,"column":9}},{"start":{"line":14,"column":13},"end":{"line":14,"column":42}}],"line":14}},"s":{"0":1,"1":2,"2":2,"3":1,"4":1,"5":2,"6":1,"7":3,"8":2,"9":2,"10":0,"11":2,"12":2,"13":2,"14":2},"f":{"0":2,"1":1,"2":1,"3":3,"4":2,"5":0,"6":2},"b":{"0":[2],"1":[3],"2":[2,1]},"_coverageSchema":"1a1c01bbd47fc00a2c39e90264f33305004495a9","hash":"1d773f033fbd79c51c8051d76312212d0d8d820f"}
}
